<?xml version="1.0" encoding="UTF-8"?>
<!-- Generated by org.testng.reporters.JUnitReportReporter -->
<testsuite hostname="DESKTOP-02HTNM8" failures="0" tests="1" name="com.nxtgenai.automation.SampleTestCase" time="0.003" errors="0" timestamp="2023-03-05T02:15:12 IST" skipped="0">
  <testcase classname="com.nxtgenai.automation.SampleTestCase" name="sampleTestCase" time="0.003"/>
  <system-out/>
</testsuite> <!-- com.nxtgenai.automation.SampleTestCase -->
